[2025-06-16T06:58:42.601Z] Listener log initialized.
[2025-06-16T06:58:42.601Z] [MINIMAL_TEST_DEBUG] BEFORE EACH: Creating SessionManager instance
[2025-06-16T06:58:42.601Z] SIGINT: 0, SIGTERM: 0 - Before adding SIGTERM listener
[2025-06-16T06:58:42.601Z] SIGINT: 0, SIGTERM: 1 - After adding SIGTERM listener
[2025-06-16T06:58:42.601Z] SIGINT: 0, SIGTERM: 1 - Before adding SIGINT listener
[2025-06-16T06:58:42.601Z] SIGINT: 1, SIGTERM: 1 - After adding SIGINT listener
[2025-06-16T06:58:42.601Z] [MINIMAL_TEST_DEBUG] BEFORE EACH: SessionManager instance created (constructor handles init)
[2025-06-16T06:58:42.601Z] [MINIMAL_TEST_DEBUG] MINIMAL PASSING TEST CASE (SM) EXECUTING - FILE
[2025-06-16T06:58:42.601Z] [MINIMAL_TEST_DEBUG] MINIMAL AFTER EACH (SM) ENTERED - FILE
[2025-06-16T06:58:42.601Z] [MINIMAL_TEST_DEBUG] AFTER EACH (SM): About to call SM._logListenerActivity directly.
[2025-06-16T06:58:42.601Z] SIGINT: 1, SIGTERM: 1 - Direct call from test afterEach before destroy
[2025-06-16T06:58:42.601Z] [MINIMAL_TEST_DEBUG] AFTER EACH (SM): SM._logListenerActivity was called directly.
[2025-06-16T06:58:42.601Z] [MINIMAL_TEST_DEBUG] AFTER EACH (SM): Calling sessionManager.destroy()
[2025-06-16T06:58:42.601Z] SIGINT: 1, SIGTERM: 1 - destroy() method ENTERED.
[2025-06-16T06:58:42.601Z] SIGINT: 1, SIGTERM: 0 - SIGTERM listener removed.
[2025-06-16T06:58:42.601Z] SIGINT: 0, SIGTERM: 0 - SIGINT listener removed.
[2025-06-16T06:58:42.601Z] SIGINT: 0, SIGTERM: 0 - Sessions cleared.
[2025-06-16T06:58:42.601Z] SIGINT: 0, SIGTERM: 0 - destroy() method COMPLETED.
[2025-06-16T06:58:42.601Z] [MINIMAL_TEST_DEBUG] AFTER EACH (SM): sessionManager.destroy() completed
[2025-06-16T06:58:42.601Z] [MINIMAL_TEST_DEBUG] MINIMAL afterEach (SM) END. Current SIGINT: 0, SIGTERM: 0
